\BOOKMARK [1][-]{section.1}{\376\377\000E\000i\000n\000l\000e\000i\000t\000u\000n\000g}{}% 1
\BOOKMARK [1][-]{section.2}{\376\377\000S\000c\000h\000u\000l\000u\000n\000g\000e\000n}{}% 2
\BOOKMARK [2][-]{subsection.2.1}{\376\377\000A\000r\000b\000e\000i\000t\000s\000s\000i\000c\000h\000e\000r\000h\000e\000i\000t}{section.2}% 3
\BOOKMARK [2][-]{subsection.2.2}{\376\377\000I\000T\000-\000S\000i\000c\000h\000e\000r\000h\000e\000i\000t}{section.2}% 4
\BOOKMARK [3][-]{subsubsection.2.2.1}{\376\377\000P\000h\000i\000s\000h\000i\000n\000g}{subsection.2.2}% 5
\BOOKMARK [3][-]{subsubsection.2.2.2}{\376\377\000D\000S\000G\000V\000O}{subsection.2.2}% 6
\BOOKMARK [2][-]{subsection.2.3}{\376\377\000E\000S\000D}{section.2}% 7
\BOOKMARK [3][-]{subsubsection.2.3.1}{\376\377\000P\000h\000y\000s\000i\000k\000\040\000E\000S\000D}{subsection.2.3}% 8
\BOOKMARK [3][-]{subsubsection.2.3.2}{\376\377\000M\000a\000\337\000n\000a\000h\000m\000e\000n}{subsection.2.3}% 9
\BOOKMARK [2][-]{subsection.2.4}{\376\377\000D\000o\000k\000u\000m\000e\000n\000t\000a\000t\000i\000o\000n}{section.2}% 10
\BOOKMARK [3][-]{subsubsection.2.4.1}{\376\377\000L\000e\000n\000k\000u\000n\000g\000\040\000D\000o\000k\000u\000m\000e\000n\000t\000e}{subsection.2.4}% 11
\BOOKMARK [2][-]{subsection.2.5}{\376\377\000Q\000u\000a\000l\000i\000t\000\344\000t\000s\000m\000a\000n\000a\000g\000e\000m\000e\000n\000t}{section.2}% 12
\BOOKMARK [2][-]{subsection.2.6}{\376\377\000M\000e\000e\000t\000i\000n\000g\000s}{section.2}% 13
\BOOKMARK [3][-]{subsubsection.2.6.1}{\376\377\000S\000C\000R\000U\000M}{subsection.2.6}% 14
\BOOKMARK [1][-]{section.3}{\376\377\000A\000u\000f\000g\000a\000b\000e\000n}{}% 15
\BOOKMARK [2][-]{subsection.3.1}{\376\377\000D\000o\000k\000u\000m\000e\000n\000t\000a\000t\000i\000o\000n\000s\000a\000u\000t\000o\000m\000a\000t\000i\000s\000i\000e\000r\000u\000n\000g}{section.3}% 16
\BOOKMARK [3][-]{subsubsection.3.1.1}{\376\377\000R\000e\000g\000u\000l\000a\000r\000\040\000E\000x\000p\000r\000e\000s\000s\000i\000o\000n}{subsection.3.1}% 17
\BOOKMARK [2][-]{subsection.3.2}{\376\377\000L\000i\000b\000r\000a\000r\000y\000\040\000A\000d\000a\000p\000t\000e\000r}{section.3}% 18
\BOOKMARK [1][-]{section.4}{\376\377\000E\000r\000g\000e\000b\000n\000i\000s\000s\000e}{}% 19
\BOOKMARK [1][-]{section.5}{\376\377\000F\000a\000z\000i\000t}{}% 20
